objc[23273]: Class CDPCABackupRecoveryReporter is implemented in both /Applications/Xcode.app/Contents/Developer/Platforms/iPhoneOS.platform/Library/Developer/CoreSimulator/Profiles/Runtimes/iOS.simruntime/Contents/Resources/RuntimeRoot/System/Library/PrivateFrameworks/CoreCDPInternal.framework/CoreCDPInternal (0x154582850) and /Applications/Xcode.app/Contents/Developer/Platforms/iPhoneOS.platform/Library/Developer/CoreSimulator/Profiles/Runtimes/iOS.simruntime/Contents/Resources/RuntimeRoot/System/Library/PrivateFrameworks/CoreCDP.framework/CoreCDP (0x14499d998). One of the two will be used. Which one is undefined.
objc[23273]: Class CDPCAReporter is implemented in both /Applications/Xcode.app/Contents/Developer/Platforms/iPhoneOS.platform/Library/Developer/CoreSimulator/Profiles/Runtimes/iOS.simruntime/Contents/Resources/RuntimeRoot/System/Library/PrivateFrameworks/CoreCDPInternal.framework/CoreCDPInternal (0x154581db0) and /Applications/Xcode.app/Contents/Developer/Platforms/iPhoneOS.platform/Library/Developer/CoreSimulator/Profiles/Runtimes/iOS.simruntime/Contents/Resources/RuntimeRoot/System/Library/PrivateFrameworks/CoreCDP.framework/CoreCDP (0x14499db28). One of the two will be used. Which one is undefined.
objc[23273]: Class RSABSSATokenBlinder is implemented in both /Applications/Xcode.app/Contents/Developer/Platforms/iPhoneOS.platform/Library/Developer/CoreSimulator/Profiles/Runtimes/iOS.simruntime/Contents/Resources/RuntimeRoot/System/Library/PrivateFrameworks/CryptoKitPrivate.framework/CryptoKitPrivate (0x14e502368) and /Applications/Xcode.app/Contents/Developer/Platforms/iPhoneOS.platform/Library/Developer/CoreSimulator/Profiles/Runtimes/iOS.simruntime/Contents/Resources/RuntimeRoot/System/Library/PrivateFrameworks/CryptoKitCBridging.framework/CryptoKitCBridging (0x1323de470). One of the two will be used. Which one is undefined.
objc[23273]: Class RSABSSATokenWaitingActivation is implemented in both /Applications/Xcode.app/Contents/Developer/Platforms/iPhoneOS.platform/Library/Developer/CoreSimulator/Profiles/Runtimes/iOS.simruntime/Contents/Resources/RuntimeRoot/System/Library/PrivateFrameworks/CryptoKitPrivate.framework/CryptoKitPrivate (0x14e502390) and /Applications/Xcode.app/Contents/Developer/Platforms/iPhoneOS.platform/Library/Developer/CoreSimulator/Profiles/Runtimes/iOS.simruntime/Contents/Resources/RuntimeRoot/System/Library/PrivateFrameworks/CryptoKitCBridging.framework/CryptoKitCBridging (0x1323de498). One of the two will be used. Which one is undefined.
objc[23273]: Class RSABSSATokenReady is implemented in both /Applications/Xcode.app/Contents/Developer/Platforms/iPhoneOS.platform/Library/Developer/CoreSimulator/Profiles/Runtimes/iOS.simruntime/Contents/Resources/RuntimeRoot/System/Library/PrivateFrameworks/CryptoKitPrivate.framework/CryptoKitPrivate (0x14e5023e0) and /Applications/Xcode.app/Contents/Developer/Platforms/iPhoneOS.platform/Library/Developer/CoreSimulator/Profiles/Runtimes/iOS.simruntime/Contents/Resources/RuntimeRoot/System/Library/PrivateFrameworks/CryptoKitCBridging.framework/CryptoKitCBridging (0x1323de4e8). One of the two will be used. Which one is undefined.
objc[23273]: Class RSABSSATokenIssuer is implemented in both /Applications/Xcode.app/Contents/Developer/Platforms/iPhoneOS.platform/Library/Developer/CoreSimulator/Profiles/Runtimes/iOS.simruntime/Contents/Resources/RuntimeRoot/System/Library/PrivateFrameworks/CryptoKitPrivate.framework/CryptoKitPrivate (0x14e502458) and /Applications/Xcode.app/Contents/Developer/Platforms/iPhoneOS.platform/Library/Developer/CoreSimulator/Profiles/Runtimes/iOS.simruntime/Contents/Resources/RuntimeRoot/System/Library/PrivateFrameworks/CryptoKitCBridging.framework/CryptoKitCBridging (0x1323de560). One of the two will be used. Which one is undefined.
objc[23273]: Class NSURLSessionDelegate is implemented in both /Applications/Xcode.app/Contents/Developer/Platforms/iPhoneOS.platform/Library/Developer/CoreSimulator/Profiles/Runtimes/iOS.simruntime/Contents/Resources/RuntimeRoot/System/Library/PrivateFrameworks/NetworkServiceProxy.framework/NetworkServiceProxy (0x151e10f08) and /Users/czardesanta./Library/Developer/CoreSimulator/Devices/AFB834BE-806F-40A6-ABA9-7A211C2CD4A3/data/Containers/Bundle/Application/0C7C19A9-BC5C-42A7-969B-4CC682DF1CA7/WeatherApp.iOS.app/WeatherApp.iOS (0x102d8df40). One of the two will be used. Which one is undefined.
MonoTouch: Could not install sigaction override, unexpected sigaction implementation.
2022-01-06 19:12:05.049787+0100 WeatherApp.iOS[23273:1026990] SecTaskLoadEntitlements failed error=22 cs_flags=200, pid=23273
2022-01-06 19:12:05.053740+0100 WeatherApp.iOS[23273:1026990] SecTaskCopyDebugDescription: WeatherApp.iOS[23273]/0#-1 LF=0
2022-01-06 19:12:05.147372+0100 WeatherApp.iOS[23273:1026990] SecTaskLoadEntitlements failed error=22 cs_flags=200, pid=23273
2022-01-06 19:12:05.148002+0100 WeatherApp.iOS[23273:1026990] SecTaskCopyDebugDescription: WeatherApp.iOS[23273]/0#-1 LF=0
2022-01-06 19:12:06.087928+0100 WeatherApp.iOS[23273:1027138] [unspecified] container_system_group_path_for_identifier: error = ((container_error_t)98) NOT_CODESIGNED
2022-01-06 19:12:06.206063+0100 WeatherApp.iOS[23273:1027138] SecTaskLoadEntitlements failed error=22 cs_flags=200, pid=23273
2022-01-06 19:12:06.206853+0100 WeatherApp.iOS[23273:1027138] SecTaskCopyDebugDescription: WeatherApp.iOS[23273]/0#-1 LF=0
2022-01-06 19:12:06.207240+0100 WeatherApp.iOS[23273:1027138] SecTaskLoadEntitlements failed error=22 cs_flags=200, pid=23273
2022-01-06 19:12:06.207584+0100 WeatherApp.iOS[23273:1027138] SecTaskCopyDebugDescription: WeatherApp.iOS[23273]/0#-1 LF=0
2022-01-06 19:12:06.514795+0100 WeatherApp.iOS[23273:1026990] SecTaskLoadEntitlements failed error=22 cs_flags=200, pid=23273
2022-01-06 19:12:06.515422+0100 WeatherApp.iOS[23273:1026990] SecTaskCopyDebugDescription: WeatherApp.iOS[23273]/0#-1 LF=0
2022-01-06 19:12:06.533472+0100 WeatherApp.iOS[23273:1027142] [boringssl] boringssl_metrics_log_metric_block_invoke(151) Failed to log metrics
2022-01-06 19:12:07.573736+0100 WeatherApp.iOS[23273:1027099] App Transport Security has blocked a cleartext HTTP connection since it is insecure. Use HTTPS instead or add Exception Domains to your app's Info.plist.
2022-01-06 19:12:07.574523+0100 WeatherApp.iOS[23273:1027099] Cannot start load of Task <F986989C-8EA7-4CA7-8310-8C0AF83F7DC7>.<1> since it does not conform to ATS policy
2022-01-06 19:12:07.578074+0100 WeatherApp.iOS[23273:1027138] Task <F986989C-8EA7-4CA7-8310-8C0AF83F7DC7>.<1> finished with error [-1022] Error Domain=NSURLErrorDomain Code=-1022 "The resource could not be loaded because the App Transport Security policy requires the use of a secure connection." UserInfo={NSLocalizedDescription=The resource could not be loaded because the App Transport Security policy requires the use of a secure connection., NSErrorFailingURLStringKey=http://api.openweathermap.org/data/2.5/forecast?q=Germany&appid=52cb6758f5baada82843ae2ff38284ac&units=metric, NSErrorFailingURLKey=http://api.openweathermap.org/data/2.5/forecast?q=Germany&appid=52cb6758f5baada82843ae2ff38284ac&units=metric, _NSURLErrorRelatedURLSessionTaskErrorKey=(
    "LocalDataTask <F986989C-8EA7-4CA7-8310-8C0AF83F7DC7>.<1>"
), _NSURLErrorFailingURLSessionTaskErrorKey=LocalDataTask <F986989C-8EA7-4CA7-8310-8C0AF83F7DC7>.<1>, NSUnderlyingError=0x600003896790 {Error Domain=kCFErrorDomainCFNetwork Code=-1022 "(null)"}}
2022-01-06 19:12:07.625437+0100 WeatherApp.iOS[23273:1026990] 
Unhandled Exception:
System.Net.Http.HttpRequestException: The resource could not be loaded because the App Transport Security policy requires the use of a secure connection. ---> Foundation.NSErrorException: Error Domain=NSURLErrorDomain Code=-1022 "The resource could not be loaded because the App Transport Security policy requires the use of a secure connection." UserInfo={NSLocalizedDescription=The resource could not be loaded because the App Transport Security policy requires the use of a secure connection., NSErrorFailingURLStringKey=http://api.openweathermap.org/data/2.5/forecast?q=Germany&appid=52cb6758f5baada82843ae2ff38284ac&units=metric, NSErrorFailingURLKey=http://api.openweathermap.org/data/2.5/forecast?q=Germany&appid=52cb6758f5baada82843ae2ff38284ac&units=metric, _NSURLErrorRelatedURLSessionTaskErrorKey=(
    "LocalDataTask <F986989C-8EA7-4CA7-8310-8C0AF83F7DC7>.<1>"
), _NSURLErrorFailingURLSessionTaskErrorKey=LocalDataTask <F986989C-8EA7-4CA7-8310-8C0AF83F7DC7>.<1>, NSUnderlyingError=0x600003896790 {Error Domain=kCFErrorDomainCFNetwork Code=-1022 "(null)"}}
   --- End of inner exception stack trace ---
  at System.Net.Http.NSUrlSessionHandler.SendAsync (System.Net.Http.HttpRequestMessage request, System.Threading.CancellationToken cancellationToken) [0x0021b] in <5b08e01cb6df409eb2fea153e6177e5d>:0 
  at System.Net.Http.HttpClient.FinishSendAsyncBuffered (System.Threading.Tasks.Task`1[TResult] sendTask, System.Net.Http.HttpRequestMessage request, System.Threading.CancellationTokenSource cts, System.Boolean disposeCts) [0x0017e] in <f4ed0f0e3fd9469cb377e6d7103f8b99>:0 
  at WeatherApp.Helpers.ApiCaller.Get (System.String url, System.String authId) [0x000ad] in <0e648015529d4e118e66dcca7bc70b5e>:0 
  at WeatherApp.Views.CurrentHomePage.GetForecast () [0x00089] in <0e648015529d4e118e66dcca7bc70b5e>:0 
  at System.Runtime.CompilerServices.AsyncMethodBuilderCore+<>c.<ThrowAsync>b__7_0 (System.Object state) [0x00000] in <25bf495f7d6b4944aa395b3ab5293479>:0 
  at Foundation.NSAsyncSynchronizationContextDispatcher.Apply () [0x00000] in <5b08e01cb6df409eb2fea153e6177e5d>:0 
--- End of stack trace from previous location where exception was thrown ---

  at (wrapper managed-to-native) UIKit.UIApplication.UIApplicationMain(int,string[],intptr,intptr)
  at UIKit.UIApplication.Main (System.String[] args, System.String principalClassName, System.String delegateClassName) [0x00019] in <5b08e01cb6df409eb2fea153e6177e5d>:0 
  at WeatherApp.iOS.Application.Main (System.String[] args) [0x00000] in <06a72511eb5942229aeddba6c8029e81>:0
2022-01-06 19:12:07.629210+0100 WeatherApp.iOS[23273:1026990] Unhandled managed exception: The resource could not be loaded because the App Transport Security policy requires the use of a secure connection. (System.Net.Http.HttpRequestException)
  at System.Net.Http.NSUrlSessionHandler.SendAsync (System.Net.Http.HttpRequestMessage request, System.Threading.CancellationToken cancellationToken) [0x0021b] in <5b08e01cb6df409eb2fea153e6177e5d>:0 
  at System.Net.Http.HttpClient.FinishSendAsyncBuffered (System.Threading.Tasks.Task`1[TResult] sendTask, System.Net.Http.HttpRequestMessage request, System.Threading.CancellationTokenSource cts, System.Boolean disposeCts) [0x0017e] in <f4ed0f0e3fd9469cb377e6d7103f8b99>:0 
  at WeatherApp.Helpers.ApiCaller.Get (System.String url, System.String authId) [0x000ad] in <0e648015529d4e118e66dcca7bc70b5e>:0 
  at WeatherApp.Views.CurrentHomePage.GetForecast () [0x00089] in <0e648015529d4e118e66dcca7bc70b5e>:0 
  at System.Runtime.CompilerServices.AsyncMethodBuilderCore+<>c.<ThrowAsync>b__7_0 (System.Object state) [0x00000] in <25bf495f7d6b4944aa395b3ab5293479>:0 
  at Foundation.NSAsyncSynchronizationContextDispatcher.Apply () [0x00000] in <5b08e01cb6df409eb2fea153e6177e5d>:0 
--- End of stack trace from previous location where exception was thrown ---

  at (wrapper managed-to-native) UIKit.UIApplication.UIApplicationMain(int,string[],intptr,intptr)
  at UIKit.UIApplication.Main (System.String[] args, System.String principalClassName, System.String delegateClassName) [0x00019] in <5b08e01cb6df409eb2fea153e6177e5d>:0 
  at WeatherApp.iOS.Application.Main (System.String[] args) [0x00000] in <06a72511eb5942229aeddba6c8029e81>:0 
Error Domain=NSURLErrorDomain Code=-1022 "The resource could not be loaded because the App Transport Security policy requires the use of a secure connection." UserInfo={NSLocalizedDescription=The resource could not be loaded because the App Transport Security policy requires the use of a secure connection., NSErrorFailingURLStringKey=http://api.openweathermap.org/data/2.5/forecast?q=Germany&appid=52cb6758f5baada82843ae2ff38284ac&units=metric, NSErrorFailingURLKey=http://api.openweathermap.org/data/2.5/forecast?q=Germany&appid=52cb6758f5baada82843ae2ff38284ac&units=metric, _NSURLErrorRelatedURLSessionTaskErrorKey=(
    "LocalDataTask <F986989C-8EA7-4CA7-8310-8C0AF83F7DC7>.<1>"
), _NSURLErrorFailingURLSessionTaskErrorKey=LocalDataTask <F986989C-8EA7-4CA7-8310-8C0AF83F7DC7>.<1>, NSUnderlyingError=0x600003896790 {Error Domain=kCFErrorDomainCFNetwork Code=-1022 "(null)"}} (Foundation.NSErrorException)
